[0.049s] DEBUG:colcon:Command line arguments: ['/usr/bin/colcon', 'list', '-p', '--base-paths', '/home/morg/spike/ros_concept']
[0.049s] DEBUG:colcon:Parsed command line arguments: Namespace(log_base=None, log_level=None, verb_name='list', build_base='build', ignore_user_meta=False, metas=['./colcon.meta'], base_paths=['/home/morg/spike/ros_concept'], packages_ignore=None, packages_ignore_regex=None, paths=None, packages_up_to=None, packages_up_to_regex=None, packages_above=None, packages_above_and_dependencies=None, packages_above_depth=None, packages_select_by_dep=None, packages_skip_by_dep=None, packages_skip_up_to=None, packages_select_build_failed=False, packages_skip_build_finished=False, packages_select_test_failures=False, packages_skip_test_passed=False, packages_select=None, packages_skip=None, packages_select_regex=None, packages_skip_regex=None, packages_start=None, packages_end=None, allow_overriding=[], topological_order=False, names_only=False, paths_only=True, topological_graph=False, topological_graph_dot=False, topological_graph_density=False, topological_graph_legend=False, topological_graph_dot_cluster=False, topological_graph_dot_include_skipped=False, mixin_files=None, mixin=None, verb_parser=<colcon_mixin.mixin.mixin_argument.MixinArgumentDecorator object at 0x74b727c43970>, verb_extension=<colcon_package_information.verb.list.ListVerb object at 0x74b727c42890>, main=<bound method ListVerb.main of <colcon_package_information.verb.list.ListVerb object at 0x74b727c42890>>, mixin_verb=('list',))
[0.131s] Level 1:colcon.colcon_core.package_discovery:discover_packages(colcon_meta) check parameters
[0.131s] Level 1:colcon.colcon_core.package_discovery:discover_packages(recursive) check parameters
[0.131s] Level 1:colcon.colcon_core.package_discovery:discover_packages(ignore) check parameters
[0.131s] Level 1:colcon.colcon_core.package_discovery:discover_packages(path) check parameters
[0.131s] Level 1:colcon.colcon_core.package_discovery:discover_packages(recursive) discover
[0.131s] INFO:colcon.colcon_core.package_discovery:Crawling recursively for packages in '/home/morg/spike/ros_concept'
[0.131s] Level 1:colcon.colcon_core.package_identification:_identify(/home/morg/spike/ros_concept) by extensions ['ignore', 'ignore_ament_install']
[0.131s] Level 1:colcon.colcon_core.package_identification:_identify(/home/morg/spike/ros_concept) by extension 'ignore'
[0.131s] Level 1:colcon.colcon_core.package_identification:_identify(/home/morg/spike/ros_concept) by extension 'ignore_ament_install'
[0.131s] Level 1:colcon.colcon_core.package_identification:_identify(/home/morg/spike/ros_concept) by extensions ['colcon_pkg']
[0.131s] Level 1:colcon.colcon_core.package_identification:_identify(/home/morg/spike/ros_concept) by extension 'colcon_pkg'
[0.131s] Level 1:colcon.colcon_core.package_identification:_identify(/home/morg/spike/ros_concept) by extensions ['colcon_meta']
[0.131s] Level 1:colcon.colcon_core.package_identification:_identify(/home/morg/spike/ros_concept) by extension 'colcon_meta'
[0.131s] Level 1:colcon.colcon_core.package_identification:_identify(/home/morg/spike/ros_concept) by extensions ['ros']
[0.131s] Level 1:colcon.colcon_core.package_identification:_identify(/home/morg/spike/ros_concept) by extension 'ros'
[0.137s] Level 1:colcon.colcon_core.package_identification:_identify(/home/morg/spike/ros_concept) by extensions ['cmake', 'python']
[0.137s] Level 1:colcon.colcon_core.package_identification:_identify(/home/morg/spike/ros_concept) by extension 'cmake'
[0.137s] Level 1:colcon.colcon_core.package_identification:_identify(/home/morg/spike/ros_concept) by extension 'python'
[0.137s] Level 1:colcon.colcon_core.package_identification:_identify(/home/morg/spike/ros_concept) by extensions ['python_setup_py']
[0.137s] Level 1:colcon.colcon_core.package_identification:_identify(/home/morg/spike/ros_concept) by extension 'python_setup_py'
[0.137s] Level 1:colcon.colcon_core.package_identification:_identify(/home/morg/spike/ros_concept/log) by extensions ['ignore', 'ignore_ament_install']
[0.138s] Level 1:colcon.colcon_core.package_identification:_identify(/home/morg/spike/ros_concept/log) by extension 'ignore'
[0.138s] Level 1:colcon.colcon_core.package_identification:_identify(/home/morg/spike/ros_concept/log) ignored
[0.138s] Level 1:colcon.colcon_core.package_identification:_identify(/home/morg/spike/ros_concept/src) by extensions ['ignore', 'ignore_ament_install']
[0.138s] Level 1:colcon.colcon_core.package_identification:_identify(/home/morg/spike/ros_concept/src) by extension 'ignore'
[0.138s] Level 1:colcon.colcon_core.package_identification:_identify(/home/morg/spike/ros_concept/src) by extension 'ignore_ament_install'
[0.138s] Level 1:colcon.colcon_core.package_identification:_identify(/home/morg/spike/ros_concept/src) by extensions ['colcon_pkg']
[0.138s] Level 1:colcon.colcon_core.package_identification:_identify(/home/morg/spike/ros_concept/src) by extension 'colcon_pkg'
[0.138s] Level 1:colcon.colcon_core.package_identification:_identify(/home/morg/spike/ros_concept/src) by extensions ['colcon_meta']
[0.138s] Level 1:colcon.colcon_core.package_identification:_identify(/home/morg/spike/ros_concept/src) by extension 'colcon_meta'
[0.138s] Level 1:colcon.colcon_core.package_identification:_identify(/home/morg/spike/ros_concept/src) by extensions ['ros']
[0.138s] Level 1:colcon.colcon_core.package_identification:_identify(/home/morg/spike/ros_concept/src) by extension 'ros'
[0.138s] Level 1:colcon.colcon_core.package_identification:_identify(/home/morg/spike/ros_concept/src) by extensions ['cmake', 'python']
[0.138s] Level 1:colcon.colcon_core.package_identification:_identify(/home/morg/spike/ros_concept/src) by extension 'cmake'
[0.138s] Level 1:colcon.colcon_core.package_identification:_identify(/home/morg/spike/ros_concept/src) by extension 'python'
[0.138s] Level 1:colcon.colcon_core.package_identification:_identify(/home/morg/spike/ros_concept/src) by extensions ['python_setup_py']
[0.138s] Level 1:colcon.colcon_core.package_identification:_identify(/home/morg/spike/ros_concept/src) by extension 'python_setup_py'
[0.138s] Level 1:colcon.colcon_core.package_identification:_identify(/home/morg/spike/ros_concept/src/a_launch) by extensions ['ignore', 'ignore_ament_install']
[0.138s] Level 1:colcon.colcon_core.package_identification:_identify(/home/morg/spike/ros_concept/src/a_launch) by extension 'ignore'
[0.138s] Level 1:colcon.colcon_core.package_identification:_identify(/home/morg/spike/ros_concept/src/a_launch) by extension 'ignore_ament_install'
[0.138s] Level 1:colcon.colcon_core.package_identification:_identify(/home/morg/spike/ros_concept/src/a_launch) by extensions ['colcon_pkg']
[0.138s] Level 1:colcon.colcon_core.package_identification:_identify(/home/morg/spike/ros_concept/src/a_launch) by extension 'colcon_pkg'
[0.138s] Level 1:colcon.colcon_core.package_identification:_identify(/home/morg/spike/ros_concept/src/a_launch) by extensions ['colcon_meta']
[0.138s] Level 1:colcon.colcon_core.package_identification:_identify(/home/morg/spike/ros_concept/src/a_launch) by extension 'colcon_meta'
[0.138s] Level 1:colcon.colcon_core.package_identification:_identify(/home/morg/spike/ros_concept/src/a_launch) by extensions ['ros']
[0.138s] Level 1:colcon.colcon_core.package_identification:_identify(/home/morg/spike/ros_concept/src/a_launch) by extension 'ros'
[0.139s] DEBUG:colcon.colcon_core.package_identification:Package '/home/morg/spike/ros_concept/src/a_launch' with type 'ros.ament_cmake' and name 'a_launch'
[0.140s] Level 1:colcon.colcon_core.package_identification:_identify(/home/morg/spike/ros_concept/src/nodos_concept) by extensions ['ignore', 'ignore_ament_install']
[0.140s] Level 1:colcon.colcon_core.package_identification:_identify(/home/morg/spike/ros_concept/src/nodos_concept) by extension 'ignore'
[0.140s] Level 1:colcon.colcon_core.package_identification:_identify(/home/morg/spike/ros_concept/src/nodos_concept) by extension 'ignore_ament_install'
[0.140s] Level 1:colcon.colcon_core.package_identification:_identify(/home/morg/spike/ros_concept/src/nodos_concept) by extensions ['colcon_pkg']
[0.140s] Level 1:colcon.colcon_core.package_identification:_identify(/home/morg/spike/ros_concept/src/nodos_concept) by extension 'colcon_pkg'
[0.140s] Level 1:colcon.colcon_core.package_identification:_identify(/home/morg/spike/ros_concept/src/nodos_concept) by extensions ['colcon_meta']
[0.140s] Level 1:colcon.colcon_core.package_identification:_identify(/home/morg/spike/ros_concept/src/nodos_concept) by extension 'colcon_meta'
[0.140s] Level 1:colcon.colcon_core.package_identification:_identify(/home/morg/spike/ros_concept/src/nodos_concept) by extensions ['ros']
[0.140s] Level 1:colcon.colcon_core.package_identification:_identify(/home/morg/spike/ros_concept/src/nodos_concept) by extension 'ros'
[0.140s] DEBUG:colcon.colcon_core.package_identification:Package '/home/morg/spike/ros_concept/src/nodos_concept' with type 'ros.ament_cmake' and name 'nodos_concept'
[0.140s] Level 1:colcon.colcon_core.package_discovery:discover_packages(recursive) using defaults
